# JRE version: OpenJDK Runtime Environment Temurin-21.0.10+7 (21.0.10+7) (build 21.0.10+7-LTS)
# Java VM: OpenJDK 64-Bit Server VM Temurin-21.0.10+7 (21.0.10+7-LTS, mixed mode, sharing, tiered, compressed oops, compressed class ptrs, parallel gc, windows-amd64)
GC Precious Log:
 CardTable entry size: 512
 CPUs: 8 total, 8 available
 Memory: 14274M
 Large Page Support: Disabled
 NUMA Support: Disabled
 Compressed Oops: Enabled (32-bit)
 Alignments: Space 512K, Generation 512K, Heap 2M
 Heap Min Capacity: 100M
 Heap Initial Capacity: 100M
 Heap Max Capacity: 2G
 Pre-touch: Disabled
 Parallel Workers: 8
Heap:
 PSYoungGen      total 2560K, used 1077K [0x00000000d5580000, 0x00000000d5900000, 0x0000000100000000)
  eden space 2048K, 41% used [0x00000000d5580000,0x00000000d56557a0,0x00000000d5780000)
  from space 512K, 43% used [0x00000000d5800000,0x00000000d5838000,0x00000000d5880000)
  to   space 512K, 0% used [0x00000000d5880000,0x00000000d5880000,0x00000000d5900000)
 ParOldGen       total 289280K, used 187493K [0x0000000080000000, 0x0000000091a80000, 0x00000000d5580000)
  object space 289280K, 64% used [0x0000000080000000,0x000000008b719680,0x0000000091a80000)
 Metaspace       used 76644K, committed 78336K, reserved 1179648K
  class space    used 7721K, committed 8448K, reserved 1048576K
GC Heap History (20 events):
Event: 578.907 GC heap before
{Heap before GC invocations=1194 (full 4):
 PSYoungGen      total 2560K, used 2272K [0x00000000d5580000, 0x00000000d5900000, 0x0000000100000000)
  eden space 2048K, 100% used [0x00000000d5580000,0x00000000d5780000,0x00000000d5780000)
  from space 512K, 43% used [0x00000000d5800000,0x00000000d5838000,0x00000000d5880000)
  to   space 512K, 0% used [0x00000000d5880000,0x00000000d5880000,0x00000000d5900000)
 ParOldGen       total 289280K, used 187125K [0x0000000080000000, 0x0000000091a80000, 0x00000000d5580000)
  object space 289280K, 64% used [0x0000000080000000,0x000000008b6bd680,0x0000000091a80000)
 Metaspace       used 76580K, committed 78272K, reserved 1179648K
  class space    used 7717K, committed 8448K, reserved 1048576K
}
Event: 578.908 GC heap after
{Heap after GC invocations=1194 (full 4):
 PSYoungGen      total 2560K, used 192K [0x00000000d5580000, 0x00000000d5900000, 0x0000000100000000)
  eden space 2048K, 0% used [0x00000000d5580000,0x00000000d5580000,0x00000000d5780000)
  from space 512K, 37% used [0x00000000d5880000,0x00000000d58b0000,0x00000000d5900000)
  to   space 512K, 0% used [0x00000000d5800000,0x00000000d5800000,0x00000000d5880000)
 ParOldGen       total 289280K, used 187165K [0x0000000080000000, 0x0000000091a80000, 0x00000000d5580000)
  object space 289280K, 64% used [0x0000000080000000,0x000000008b6c7680,0x0000000091a80000)
 Metaspace       used 76580K, committed 78272K, reserved 1179648K
  class space    used 7717K, committed 8448K, reserved 1048576K
}
Event: 578.915 GC heap before
{Heap before GC invocations=1195 (full 4):
 PSYoungGen      total 2560K, used 2240K [0x00000000d5580000, 0x00000000d5900000, 0x0000000100000000)
  eden space 2048K, 100% used [0x00000000d5580000,0x00000000d5780000,0x00000000d5780000)
  from space 512K, 37% used [0x00000000d5880000,0x00000000d58b0000,0x00000000d5900000)
  to   space 512K, 0% used [0x00000000d5800000,0x00000000d5800000,0x00000000d5880000)
 ParOldGen       total 289280K, used 187165K [0x0000000080000000, 0x0000000091a80000, 0x00000000d5580000)
  object space 289280K, 64% used [0x0000000080000000,0x000000008b6c7680,0x0000000091a80000)
 Metaspace       used 76580K, committed 78272K, reserved 1179648K
  class space    used 7717K, committed 8448K, reserved 1048576K
}
Event: 578.916 GC heap after
{Heap after GC invocations=1195 (full 4):
 PSYoungGen      total 2560K, used 256K [0x00000000d5580000, 0x00000000d5900000, 0x0000000100000000)
  eden space 2048K, 0% used [0x00000000d5580000,0x00000000d5580000,0x00000000d5780000)
  from space 512K, 50% used [0x00000000d5800000,0x00000000d5840000,0x00000000d5880000)
  to   space 512K, 0% used [0x00000000d5880000,0x00000000d5880000,0x00000000d5900000)
 ParOldGen       total 289280K, used 187205K [0x0000000080000000, 0x0000000091a80000, 0x00000000d5580000)
  object space 289280K, 64% used [0x0000000080000000,0x000000008b6d1680,0x0000000091a80000)
 Metaspace       used 76580K, committed 78272K, reserved 1179648K
  class space    used 7717K, committed 8448K, reserved 1048576K
}
Event: 578.923 GC heap before
{Heap before GC invocations=1196 (full 4):
 PSYoungGen      total 2560K, used 2304K [0x00000000d5580000, 0x00000000d5900000, 0x0000000100000000)
  eden space 2048K, 100% used [0x00000000d5580000,0x00000000d5780000,0x00000000d5780000)
  from space 512K, 50% used [0x00000000d5800000,0x00000000d5840000,0x00000000d5880000)
  to   space 512K, 0% used [0x00000000d5880000,0x00000000d5880000,0x00000000d5900000)
 ParOldGen       total 289280K, used 187205K [0x0000000080000000, 0x0000000091a80000, 0x00000000d5580000)
  object space 289280K, 64% used [0x0000000080000000,0x000000008b6d1680,0x0000000091a80000)
 Metaspace       used 76580K, committed 78272K, reserved 1179648K
  class space    used 7717K, committed 8448K, reserved 1048576K
}
Event: 578.925 GC heap after
{Heap after GC invocations=1196 (full 4):
 PSYoungGen      total 2560K, used 256K [0x00000000d5580000, 0x00000000d5900000, 0x0000000100000000)
  eden space 2048K, 0% used [0x00000000d5580000,0x00000000d5580000,0x00000000d5780000)
  from space 512K, 50% used [0x00000000d5880000,0x00000000d58c0000,0x00000000d5900000)
  to   space 512K, 0% used [0x00000000d5800000,0x00000000d5800000,0x00000000d5880000)
 ParOldGen       total 289280K, used 187229K [0x0000000080000000, 0x0000000091a80000, 0x00000000d5580000)
  object space 289280K, 64% used [0x0000000080000000,0x000000008b6d7680,0x0000000091a80000)
 Metaspace       used 76580K, committed 78272K, reserved 1179648K
  class space    used 7717K, committed 8448K, reserved 1048576K
}
Event: 578.932 GC heap before
{Heap before GC invocations=1197 (full 4):
 PSYoungGen      total 2560K, used 2304K [0x00000000d5580000, 0x00000000d5900000, 0x0000000100000000)
  eden space 2048K, 100% used [0x00000000d5580000,0x00000000d5780000,0x00000000d5780000)
  from space 512K, 50% used [0x00000000d5880000,0x00000000d58c0000,0x00000000d5900000)
  to   space 512K, 0% used [0x00000000d5800000,0x00000000d5800000,0x00000000d5880000)
 ParOldGen       total 289280K, used 187229K [0x0000000080000000, 0x0000000091a80000, 0x00000000d5580000)
  object space 289280K, 64% used [0x0000000080000000,0x000000008b6d7680,0x0000000091a80000)
 Metaspace       used 76580K, committed 78272K, reserved 1179648K
  class space    used 7717K, committed 8448K, reserved 1048576K
}
Event: 578.934 GC heap after
{Heap after GC invocations=1197 (full 4):
 PSYoungGen      total 2560K, used 192K [0x00000000d5580000, 0x00000000d5900000, 0x0000000100000000)
  eden space 2048K, 0% used [0x00000000d5580000,0x00000000d5580000,0x00000000d5780000)
  from space 512K, 37% used [0x00000000d5800000,0x00000000d5830000,0x00000000d5880000)
  to   space 512K, 0% used [0x00000000d5880000,0x00000000d5880000,0x00000000d5900000)
 ParOldGen       total 289280K, used 187261K [0x0000000080000000, 0x0000000091a80000, 0x00000000d5580000)
  object space 289280K, 64% used [0x0000000080000000,0x000000008b6df680,0x0000000091a80000)
 Metaspace       used 76580K, committed 78272K, reserved 1179648K
  class space    used 7717K, committed 8448K, reserved 1048576K
}
Event: 578.941 GC heap before
{Heap before GC invocations=1198 (full 4):
 PSYoungGen      total 2560K, used 2240K [0x00000000d5580000, 0x00000000d5900000, 0x0000000100000000)
  eden space 2048K, 100% used [0x00000000d5580000,0x00000000d5780000,0x00000000d5780000)
  from space 512K, 37% used [0x00000000d5800000,0x00000000d5830000,0x00000000d5880000)
  to   space 512K, 0% used [0x00000000d5880000,0x00000000d5880000,0x00000000d5900000)
 ParOldGen       total 289280K, used 187261K [0x0000000080000000, 0x0000000091a80000, 0x00000000d5580000)
  object space 289280K, 64% used [0x0000000080000000,0x000000008b6df680,0x0000000091a80000)
 Metaspace       used 76580K, committed 78272K, reserved 1179648K
  class space    used 7717K, committed 8448K, reserved 1048576K
}
Event: 578.942 GC heap after
{Heap after GC invocations=1198 (full 4):
 PSYoungGen      total 2560K, used 256K [0x00000000d5580000, 0x00000000d5900000, 0x0000000100000000)
  eden space 2048K, 0% used [0x00000000d5580000,0x00000000d5580000,0x00000000d5780000)
  from space 512K, 50% used [0x00000000d5880000,0x00000000d58c0000,0x00000000d5900000)
  to   space 512K, 0% used [0x00000000d5800000,0x00000000d5800000,0x00000000d5880000)
 ParOldGen       total 289280K, used 187301K [0x0000000080000000, 0x0000000091a80000, 0x00000000d5580000)
  object space 289280K, 64% used [0x0000000080000000,0x000000008b6e9680,0x0000000091a80000)
 Metaspace       used 76580K, committed 78272K, reserved 1179648K
  class space    used 7717K, committed 8448K, reserved 1048576K
}
Event: 578.949 GC heap before
{Heap before GC invocations=1199 (full 4):
 PSYoungGen      total 2560K, used 2304K [0x00000000d5580000, 0x00000000d5900000, 0x0000000100000000)
  eden space 2048K, 100% used [0x00000000d5580000,0x00000000d5780000,0x00000000d5780000)
  from space 512K, 50% used [0x00000000d5880000,0x00000000d58c0000,0x00000000d5900000)
  to   space 512K, 0% used [0x00000000d5800000,0x00000000d5800000,0x00000000d5880000)
 ParOldGen       total 289280K, used 187301K [0x0000000080000000, 0x0000000091a80000, 0x00000000d5580000)
  object space 289280K, 64% used [0x0000000080000000,0x000000008b6e9680,0x0000000091a80000)
 Metaspace       used 76580K, committed 78272K, reserved 1179648K
  class space    used 7717K, committed 8448K, reserved 1048576K
}
Event: 578.950 GC heap after
{Heap after GC invocations=1199 (full 4):
 PSYoungGen      total 2560K, used 224K [0x00000000d5580000, 0x00000000d5900000, 0x0000000100000000)
  eden space 2048K, 0% used [0x00000000d5580000,0x00000000d5580000,0x00000000d5780000)
  from space 512K, 43% used [0x00000000d5800000,0x00000000d5838000,0x00000000d5880000)
  to   space 512K, 0% used [0x00000000d5880000,0x00000000d5880000,0x00000000d5900000)
 ParOldGen       total 289280K, used 187341K [0x0000000080000000, 0x0000000091a80000, 0x00000000d5580000)
  object space 289280K, 64% used [0x0000000080000000,0x000000008b6f3680,0x0000000091a80000)
 Metaspace       used 76580K, committed 78272K, reserved 1179648K
  class space    used 7717K, committed 8448K, reserved 1048576K
}
Event: 578.956 GC heap before
{Heap before GC invocations=1200 (full 4):
 PSYoungGen      total 2560K, used 2272K [0x00000000d5580000, 0x00000000d5900000, 0x0000000100000000)
  eden space 2048K, 100% used [0x00000000d5580000,0x00000000d5780000,0x00000000d5780000)
  from space 512K, 43% used [0x00000000d5800000,0x00000000d5838000,0x00000000d5880000)
  to   space 512K, 0% used [0x00000000d5880000,0x00000000d5880000,0x00000000d5900000)
 ParOldGen       total 289280K, used 187341K [0x0000000080000000, 0x0000000091a80000, 0x00000000d5580000)
  object space 289280K, 64% used [0x0000000080000000,0x000000008b6f3680,0x0000000091a80000)
 Metaspace       used 76580K, committed 78272K, reserved 1179648K
  class space    used 7717K, committed 8448K, reserved 1048576K
}
Event: 578.957 GC heap after
{Heap after GC invocations=1200 (full 4):
 PSYoungGen      total 2560K, used 224K [0x00000000d5580000, 0x00000000d5900000, 0x0000000100000000)
  eden space 2048K, 0% used [0x00000000d5580000,0x00000000d5580000,0x00000000d5780000)
  from space 512K, 43% used [0x00000000d5880000,0x00000000d58b8000,0x00000000d5900000)
  to   space 512K, 0% used [0x00000000d5800000,0x00000000d5800000,0x00000000d5880000)
 ParOldGen       total 289280K, used 187381K [0x0000000080000000, 0x0000000091a80000, 0x00000000d5580000)
  object space 289280K, 64% used [0x0000000080000000,0x000000008b6fd680,0x0000000091a80000)
 Metaspace       used 76580K, committed 78272K, reserved 1179648K
  class space    used 7717K, committed 8448K, reserved 1048576K
}
Event: 578.964 GC heap before
{Heap before GC invocations=1201 (full 4):
 PSYoungGen      total 2560K, used 2272K [0x00000000d5580000, 0x00000000d5900000, 0x0000000100000000)
  eden space 2048K, 100% used [0x00000000d5580000,0x00000000d5780000,0x00000000d5780000)
  from space 512K, 43% used [0x00000000d5880000,0x00000000d58b8000,0x00000000d5900000)
  to   space 512K, 0% used [0x00000000d5800000,0x00000000d5800000,0x00000000d5880000)
 ParOldGen       total 289280K, used 187381K [0x0000000080000000, 0x0000000091a80000, 0x00000000d5580000)
  object space 289280K, 64% used [0x0000000080000000,0x000000008b6fd680,0x0000000091a80000)
 Metaspace       used 76580K, committed 78272K, reserved 1179648K
  class space    used 7717K, committed 8448K, reserved 1048576K
}
Event: 578.966 GC heap after
{Heap after GC invocations=1201 (full 4):
 PSYoungGen      total 2560K, used 192K [0x00000000d5580000, 0x00000000d5900000, 0x0000000100000000)
  eden space 2048K, 0% used [0x00000000d5580000,0x00000000d5580000,0x00000000d5780000)
  from space 512K, 37% used [0x00000000d5800000,0x00000000d5830000,0x00000000d5880000)
  to   space 512K, 0% used [0x00000000d5880000,0x00000000d5880000,0x00000000d5900000)
 ParOldGen       total 289280K, used 187421K [0x0000000080000000, 0x0000000091a80000, 0x00000000d5580000)
  object space 289280K, 64% used [0x0000000080000000,0x000000008b707680,0x0000000091a80000)
 Metaspace       used 76580K, committed 78272K, reserved 1179648K
  class space    used 7717K, committed 8448K, reserved 1048576K
}
Event: 578.973 GC heap before
{Heap before GC invocations=1202 (full 4):
 PSYoungGen      total 2560K, used 2240K [0x00000000d5580000, 0x00000000d5900000, 0x0000000100000000)
  eden space 2048K, 100% used [0x00000000d5580000,0x00000000d5780000,0x00000000d5780000)
  from space 512K, 37% used [0x00000000d5800000,0x00000000d5830000,0x00000000d5880000)
  to   space 512K, 0% used [0x00000000d5880000,0x00000000d5880000,0x00000000d5900000)
 ParOldGen       total 289280K, used 187421K [0x0000000080000000, 0x0000000091a80000, 0x00000000d5580000)
  object space 289280K, 64% used [0x0000000080000000,0x000000008b707680,0x0000000091a80000)
 Metaspace       used 76580K, committed 78272K, reserved 1179648K
  class space    used 7717K, committed 8448K, reserved 1048576K
}
Event: 578.974 GC heap after
{Heap after GC invocations=1202 (full 4):
 PSYoungGen      total 2560K, used 256K [0x00000000d5580000, 0x00000000d5900000, 0x0000000100000000)
  eden space 2048K, 0% used [0x00000000d5580000,0x00000000d5580000,0x00000000d5780000)
  from space 512K, 50% used [0x00000000d5880000,0x00000000d58c0000,0x00000000d5900000)
  to   space 512K, 0% used [0x00000000d5800000,0x00000000d5800000,0x00000000d5880000)
 ParOldGen       total 289280K, used 187461K [0x0000000080000000, 0x0000000091a80000, 0x00000000d5580000)
  object space 289280K, 64% used [0x0000000080000000,0x000000008b711680,0x0000000091a80000)
 Metaspace       used 76580K, committed 78272K, reserved 1179648K
  class space    used 7717K, committed 8448K, reserved 1048576K
}
Event: 578.982 GC heap before
{Heap before GC invocations=1203 (full 4):
 PSYoungGen      total 2560K, used 2304K [0x00000000d5580000, 0x00000000d5900000, 0x0000000100000000)
  eden space 2048K, 100% used [0x00000000d5580000,0x00000000d5780000,0x00000000d5780000)
  from space 512K, 50% used [0x00000000d5880000,0x00000000d58c0000,0x00000000d5900000)
  to   space 512K, 0% used [0x00000000d5800000,0x00000000d5800000,0x00000000d5880000)
 ParOldGen       total 289280K, used 187461K [0x0000000080000000, 0x0000000091a80000, 0x00000000d5580000)
  object space 289280K, 64% used [0x0000000080000000,0x000000008b711680,0x0000000091a80000)
 Metaspace       used 76580K, committed 78272K, reserved 1179648K
  class space    used 7717K, committed 8448K, reserved 1048576K
}
Event: 578.983 GC heap after
{Heap after GC invocations=1203 (full 4):
 PSYoungGen      total 2560K, used 224K [0x00000000d5580000, 0x00000000d5900000, 0x0000000100000000)
  eden space 2048K, 0% used [0x00000000d5580000,0x00000000d5580000,0x00000000d5780000)
  from space 512K, 43% used [0x00000000d5800000,0x00000000d5838000,0x00000000d5880000)
  to   space 512K, 0% used [0x00000000d5880000,0x00000000d5880000,0x00000000d5900000)
 ParOldGen       total 289280K, used 187493K [0x0000000080000000, 0x0000000091a80000, 0x00000000d5580000)
  object space 289280K, 64% used [0x0000000080000000,0x000000008b719680,0x0000000091a80000)
 Metaspace       used 76580K, committed 78272K, reserved 1179648K
  class space    used 7717K, committed 8448K, reserved 1048576K
}

